#
# There is insufficient memory for the Java Runtime Environment to continue.
# Native memory allocation (mmap) failed to map 264241152 bytes for G1 virtual space
# Possible reasons:
#   The system is out of physical RAM or swap space
#   The process is running with CompressedOops enabled, and the Java Heap may be blocking the growth of the native heap
# Possible solutions:
#   Reduce memory load on the system
#   Increase physical memory or swap space
#   Check if swap backing store is full
#   Decrease Java heap size (-Xmx/-Xms)
#   Decrease number of Java threads
#   Decrease Java thread stack sizes (-Xss)
#   Set larger code cache with -XX:ReservedCodeCacheSize=
#   JVM is running with Zero Based Compressed Oops mode in which the Java heap is
#     placed in the first 32GB address space. The Java Heap base address is the
#     maximum limit for the native heap growth. Please use -XX:HeapBaseMinAddress
#     to set the Java Heap base and to place the Java Heap above 32GB virtual address.
# This output file may be truncated or incomplete.
#
#  Out of Memory Error (os_windows.cpp:3825), pid=11588, tid=13496
#
# JRE version:  (17.0.9) (build )
# Java VM: OpenJDK 64-Bit Server VM (17.0.9+0--11185874, mixed mode, sharing, tiered, compressed oops, compressed class ptrs, g1 gc, windows-amd64)
# No core dump will be written. Minidumps are not enabled by default on client versions of Windows
#

---------------  S U M M A R Y ------------

Command Line: 

Host: 11th Gen Intel(R) Core(TM) i3-1115G4 @ 3.00GHz, 4 cores, 15G,  Windows 11 , 64 bit Build 22621 (10.0.22621.3672)
Time: Wed Jun 19 09:52:01 2024 SE Asia Standard Time elapsed time: 0.022970 seconds (0d 0h 0m 0s)

---------------  T H R E A D  ---------------

Current thread (0x000002747faea980):  JavaThread "Unknown thread" [_thread_in_vm, id=13496, stack(0x000000a1a0a00000,0x000000a1a0b00000)]

Stack: [0x000000a1a0a00000,0x000000a1a0b00000]
Native frames: (J=compiled Java code, j=interpreted, Vv=VM code, C=native code)
V  [jvm.dll+0x6886e9]
V  [jvm.dll+0x841e4a]
V  [jvm.dll+0x843a8e]
V  [jvm.dll+0x8440f3]
V  [jvm.dll+0x24c14f]
V  [jvm.dll+0x685499]
V  [jvm.dll+0x679c2a]
V  [jvm.dll+0x30cf9b]
V  [jvm.dll+0x314446]
V  [jvm.dll+0x36425e]
V  [jvm.dll+0x36448f]
V  [jvm.dll+0x2e2d68]
V  [jvm.dll+0x2e3cd4]
V  [jvm.dll+0x8129f1]
V  [jvm.dll+0x3720c1]
V  [jvm.dll+0x7f152c]
V  [jvm.dll+0x3f5d4f]
V  [jvm.dll+0x3f7981]
C  [jli.dll+0x528f]
C  [ucrtbase.dll+0x29333]
C  [KERNEL32.DLL+0x1257d]
C  [ntdll.dll+0x5af28]


---------------  P R O C E S S  ---------------

Threads class SMR info:
_java_thread_list=0x00007ffe04aeef18, length=0, elements={
}

Java Threads: ( => current thread )

Other Threads:
  0x000002747fb540d0 GCTaskThread "GC Thread#0" [stack: 0x000000a1a0b00000,0x000000a1a0c00000] [id=7456]
  0x000002747fb64b70 ConcurrentGCThread "G1 Main Marker" [stack: 0x000000a1a0c00000,0x000000a1a0d00000] [id=11208]
  0x000002747fb65590 ConcurrentGCThread "G1 Conc#0" [stack: 0x000000a1a0d00000,0x000000a1a0e00000] [id=1472]

[error occurred during error reporting (printing all threads), id 0xc0000005, EXCEPTION_ACCESS_VIOLATION (0xc0000005) at pc=0x00007ffe042a3937]

VM state: not at safepoint (not fully initialized)

VM Mutex/Monitor currently owned by a thread:  ([mutex/lock_event])
[0x000002747fae4610] Heap_lock - owner thread: 0x000002747faea980

Heap address: 0x0000000704a00000, size: 4022 MB, Compressed Oops mode: Zero based, Oop shift amount: 3

CDS archive(s) mapped at: [0x0000000000000000-0x0000000000000000-0x0000000000000000), size 0, SharedBaseAddress: 0x0000000800000000, ArchiveRelocationMode: 1.
Narrow klass base: 0x0000000000000000, Narrow klass shift: 0, Narrow klass range: 0x0

GC Precious Log:
<Empty>

Heap:
 garbage-first heap   total 0K, used 0K [0x0000000704a00000, 0x0000000800000000)
  region size 2048K, 0 young (0K), 0 survivors (0K)
 Metaspace       used 0K, committed 0K, reserved 0K
  class space    used 0K, committed 0K, reserved 0K

Heap Regions: E=young(eden), S=young(survivor), O=old, HS=humongous(starts), HC=humongous(continues), CS=collection set, F=free, OA=open archive, CA=closed archive, TAMS=top-at-mark-start (previous, next)

Card table byte_map: [0x0000027414010000,0x00000274147f0000] _byte_map_base: 0x00000274107eb000

Marking Bits (Prev, Next): (CMBitMap*) 0x000002747fb546f0, (CMBitMap*) 0x000002747fb54730
 Prev Bits: [0x0000027414fd0000, 0x0000027418ea8000)
 Next Bits: [0x0000027418eb0000, 0x000002741cd88000)

GC Heap History (0 events):
No events

Dll operation events (1 events):
Event: 0.009 Loaded shared library D:\Android New\jbr\bin\java.dll

Deoptimization events (0 events):
No events

Classes unloaded (0 events):
No events

Classes redefined (0 events):
No events

Internal exceptions (0 events):
No events

VM Operations (0 events):
No events

Events (0 events):
No events


Dynamic libraries:
0x00007ff764680000 - 0x00007ff76468a000 	D:\Android New\jbr\bin\java.EXE
0x00007ffe6a210000 - 0x00007ffe6a427000 	C:\WINDOWS\SYSTEM32\ntdll.dll
0x00007ffe68a60000 - 0x00007ffe68b24000 	C:\WINDOWS\System32\KERNEL32.DLL
0x00007ffe67780000 - 0x00007ffe67b2c000 	C:\WINDOWS\System32\KERNELBASE.dll
0x00007ffe675e0000 - 0x00007ffe676f1000 	C:\WINDOWS\System32\ucrtbase.dll
0x00007ffe15380000 - 0x00007ffe15397000 	D:\Android New\jbr\bin\jli.dll
0x00007ffe69b90000 - 0x00007ffe69d3e000 	C:\WINDOWS\System32\USER32.dll
0x00007ffe675b0000 - 0x00007ffe675d6000 	C:\WINDOWS\System32\win32u.dll
0x00007ffe683f0000 - 0x00007ffe68419000 	C:\WINDOWS\System32\GDI32.dll
0x00007ffe67b30000 - 0x00007ffe67c49000 	C:\WINDOWS\System32\gdi32full.dll
0x00007ffe67c50000 - 0x00007ffe67cea000 	C:\WINDOWS\System32\msvcp_win.dll
0x00007ffe15360000 - 0x00007ffe1537b000 	D:\Android New\jbr\bin\VCRUNTIME140.dll
0x00007ffe528e0000 - 0x00007ffe52b73000 	C:\WINDOWS\WinSxS\amd64_microsoft.windows.common-controls_6595b64144ccf1df_6.0.22621.3672_none_2713b9d173822955\COMCTL32.dll
0x00007ffe69fa0000 - 0x00007ffe6a047000 	C:\WINDOWS\System32\msvcrt.dll
0x00007ffe68c10000 - 0x00007ffe68c41000 	C:\WINDOWS\System32\IMM32.DLL
0x00007ffe59eb0000 - 0x00007ffe59ebc000 	D:\Android New\jbr\bin\vcruntime140_1.dll
0x00007ffe152d0000 - 0x00007ffe1535d000 	D:\Android New\jbr\bin\msvcp140.dll
0x00007ffe03fb0000 - 0x00007ffe04c33000 	D:\Android New\jbr\bin\server\jvm.dll
0x00007ffe69d40000 - 0x00007ffe69df2000 	C:\WINDOWS\System32\ADVAPI32.dll
0x00007ffe68100000 - 0x00007ffe681aa000 	C:\WINDOWS\System32\sechost.dll
0x00007ffe67e60000 - 0x00007ffe67e88000 	C:\WINDOWS\System32\bcrypt.dll
0x00007ffe69a70000 - 0x00007ffe69b85000 	C:\WINDOWS\System32\RPCRT4.dll
0x00007ffe66b10000 - 0x00007ffe66b5d000 	C:\WINDOWS\SYSTEM32\POWRPROF.dll
0x00007ffe31a90000 - 0x00007ffe31a99000 	C:\WINDOWS\SYSTEM32\WSOCK32.dll
0x00007ffe69140000 - 0x00007ffe691b1000 	C:\WINDOWS\System32\WS2_32.dll
0x00007ffe5c830000 - 0x00007ffe5c864000 	C:\WINDOWS\SYSTEM32\WINMM.dll
0x00007ffe572e0000 - 0x00007ffe572ea000 	C:\WINDOWS\SYSTEM32\VERSION.dll
0x00007ffe66ad0000 - 0x00007ffe66ae3000 	C:\WINDOWS\SYSTEM32\UMPDC.dll
0x00007ffe66570000 - 0x00007ffe66588000 	C:\WINDOWS\SYSTEM32\kernel.appcore.dll
0x00007ffe31560000 - 0x00007ffe3156a000 	D:\Android New\jbr\bin\jimage.dll
0x00007ffe64e90000 - 0x00007ffe650c2000 	C:\WINDOWS\SYSTEM32\DBGHELP.DLL
0x00007ffe68db0000 - 0x00007ffe69138000 	C:\WINDOWS\System32\combase.dll
0x00007ffe69e00000 - 0x00007ffe69ed7000 	C:\WINDOWS\System32\OLEAUT32.dll
0x00007ffe3b920000 - 0x00007ffe3b952000 	C:\WINDOWS\SYSTEM32\dbgcore.DLL
0x00007ffe67700000 - 0x00007ffe6777b000 	C:\WINDOWS\System32\bcryptPrimitives.dll
0x00007ffe11d30000 - 0x00007ffe11d55000 	D:\Android New\jbr\bin\java.dll

dbghelp: loaded successfully - version: 4.0.5 - missing functions: none
symbol engine: initialized successfully - sym options: 0x614 - pdb path: .;D:\Android New\jbr\bin;C:\WINDOWS\SYSTEM32;C:\WINDOWS\WinSxS\amd64_microsoft.windows.common-controls_6595b64144ccf1df_6.0.22621.3672_none_2713b9d173822955;D:\Android New\jbr\bin\server

VM Arguments:
java_command: <unknown>
java_class_path (initial): <not set>
Launcher Type: SUN_STANDARD

[Global flags]
     intx CICompilerCount                          = 3                                         {product} {ergonomic}
     uint ConcGCThreads                            = 1                                         {product} {ergonomic}
     uint G1ConcRefinementThreads                  = 4                                         {product} {ergonomic}
   size_t G1HeapRegionSize                         = 2097152                                   {product} {ergonomic}
    uintx GCDrainStackTargetSize                   = 64                                        {product} {ergonomic}
   size_t InitialHeapSize                          = 264241152                                 {product} {ergonomic}
   size_t MarkStackSize                            = 4194304                                   {product} {ergonomic}
   size_t MaxHeapSize                              = 4217372672                                {product} {ergonomic}
   size_t MinHeapDeltaBytes                        = 2097152                                   {product} {ergonomic}
   size_t MinHeapSize                              = 8388608                                   {product} {ergonomic}
    uintx NonNMethodCodeHeapSize                   = 5832780                                {pd product} {ergonomic}
    uintx NonProfiledCodeHeapSize                  = 122912730                              {pd product} {ergonomic}
    uintx ProfiledCodeHeapSize                     = 122912730                              {pd product} {ergonomic}
    uintx ReservedCodeCacheSize                    = 251658240                              {pd product} {ergonomic}
     bool SegmentedCodeCache                       = true                                      {product} {ergonomic}
   size_t SoftMaxHeapSize                          = 4217372672                             {manageable} {ergonomic}
     bool UseCompressedClassPointers               = true                           {product lp64_product} {ergonomic}
     bool UseCompressedOops                        = true                           {product lp64_product} {ergonomic}
     bool UseG1GC                                  = true                                      {product} {ergonomic}
     bool UseLargePagesIndividualAllocation        = false                                  {pd product} {ergonomic}

Logging:
Log output configuration:
 #0: stdout all=warning uptime,level,tags
 #1: stderr all=off uptime,level,tags

Environment Variables:
PATH=D:\fluttersdk\flutter\bin\;C:\Program Files\Eclipse Adoptium\jdk-21.0.3.9-hotspot\bin;C:\Program Files\Common Files\Oracle\Java\javapath;C:\Windows\system32;C:\Windows;C:\Windows\System32\Wbem;C:\Windows\System32\WindowsPowerShell\v1.0\;C:\Windows\System32\OpenSSH\;C:\WINDOWS\system32;C:\WINDOWS;C:\WINDOWS\System32\Wbem;C:\WINDOWS\System32\WindowsPowerShell\v1.0\;C:\WINDOWS\System32\OpenSSH\;C:\Program Files\nodejs\;D:\C#\160\Tools\Binn\;C:\Program Files\Microsoft SQL Server\160\Tools\Binn\;C:\Program Files\Microsoft SQL Server\Client SDK\ODBC\170\Tools\Binn\;C:\Program Files\Microsoft SQL Server\160\DTS\Binn\;C:\PROGRA~2\PICC;D:\dien_tu\CCS 5.015 Full\PICC;C:\Program Files\Git\cmd;C:\Program Files\Microsoft SQL Server\130\Tools\Binn\;D:\xampp\php;C:\ProgramData\ComposerSetup\bin;D:\AndroidSDK\platform-tools;D:\fluttersdk\flutter\bin;D:\fluttersdk\flutter\bin\cache\dart-sdk\bin;C:\Users\FPT\AppData\Local\Pub\Cache\bin;C:\Users\FPT\AppData\Local\Programs\Microsoft VS Code\bin;;D:\fluttersdk\flutter\bin\mingit\cmd
USERNAME=FPT
LANG=en_US.UTF-8
OS=Windows_NT
PROCESSOR_IDENTIFIER=Intel64 Family 6 Model 140 Stepping 2, GenuineIntel
TMP=C:\Users\FPT\AppData\Local\Temp
TEMP=C:\Users\FPT\AppData\Local\Temp



Periodic native trim disabled

JNI global refs:
JNI global refs: 0, weak refs: 0

JNI global refs memory usage: 0, weak refs: 0

OOME stack traces (most recent first):
Classloader memory used:


---------------  S Y S T E M  ---------------

OS:
 Windows 11 , 64 bit Build 22621 (10.0.22621.3672)
OS uptime: 0 days 20:05 hours

CPU: total 4 (initial active 4) (2 cores per cpu, 2 threads per core) family 6 model 140 stepping 2 microcode 0x16, cx8, cmov, fxsr, ht, mmx, 3dnowpref, sse, sse2, sse3, ssse3, sse4.1, sse4.2, popcnt, lzcnt, tsc, tscinvbit, avx, avx2, aes, erms, clmul, bmi1, bmi2, adx, avx512f, avx512dq, avx512cd, avx512bw, avx512vl, sha, fma, vzeroupper, avx512_vpopcntdq, avx512_vpclmulqdq, avx512_vaes, avx512_vnni, clflush, clflushopt, clwb, avx512_vbmi2, avx512_vbmi
Processor Information for all 4 processors :
  Max Mhz: 2995, Current Mhz: 2995, Mhz Limit: 2995

Memory: 4k page, system-wide physical 16086M (582M free)
TotalPageFile size 24822M (AvailPageFile size 28M)
current process WorkingSet (physical memory assigned to process): 11M, peak: 11M
current process commit charge ("private bytes"): 52M, peak: 304M

vm_info: OpenJDK 64-Bit Server VM (17.0.9+0--11185874) for windows-amd64 JRE (17.0.9+0--11185874), built on Dec  6 2023 18:57:44 by "androidbuild" with MS VC++ 16.10 / 16.11 (VS2019)

END.
